10/07/09 10:17:03 - Attempting to install the 'nexlist' plugin 
10/07/09 10:17:03 - Attempting to create 'nexList Admin' group 
10/07/09 10:17:03 - Attempting to add 'nexlist' features 
10/07/09 10:17:03 - Adding 'nexlist.edit' feature to the 'nexList Admin' group 
10/07/09 10:17:03 - Registering 'nexlist' plugin 
10/07/09 10:17:03 - Inserting default data 
10/07/09 10:17:03 - 1064: You have an error in your SQL syntax; check the manual that corresponds to your MySQL server version for the right syntax to use near '(id, plugin, category, name, description, listfields, edit_perms, view_perms, ac' at line 1. SQL in question:  
10/07/09 10:17:03 - Auto-uninstalling plugin nexlist: 
10/07/09 10:17:03 - Dropping table gl_nxlist 
10/07/09 10:17:03 - ...success 
10/07/09 10:17:03 - Dropping table gl_nxlist_fields 
10/07/09 10:17:03 - ...success 
10/07/09 10:17:03 - Dropping table gl_nxlist_items 
10/07/09 10:17:03 - ...success 
10/07/09 10:17:03 - Attempting to remove the nexlist Admin group 
10/07/09 10:17:03 - ...success 
10/07/09 10:17:03 - Attempting to remove the nexlist Admin group from all groups. 
10/07/09 10:17:03 - ...success 
10/07/09 10:17:03 - Attempting to remove nexlist.edit rights from all groups 
10/07/09 10:17:03 - ...success 
10/07/09 10:17:03 - Attempting to remove the nexlist.edit feature 
10/07/09 10:17:03 - ...success 
10/07/09 10:17:03 - Attempting to remove comments for nexlist 
10/07/09 10:17:03 - ...success 
10/07/09 10:17:03 - Attempting to remove config table records for group_name: nexlist 
10/07/09 10:17:03 - ...success 
10/07/09 10:17:03 - Attempting to unregister the nexlist plugin from Geeklog 
10/07/09 10:17:03 - ...success 
10/07/09 10:17:03 - Finished uninstalling the nexlist plugin. 
10/07/09 10:17:03 - Plugin postinstall failed 
10/07/09 10:17:03 - Auto-uninstalling plugin nexlist: 
10/07/09 10:17:03 - Dropping table gl_nxlist 
10/07/09 10:17:03 - ...success 
10/07/09 10:17:03 - Dropping table gl_nxlist_fields 
10/07/09 10:17:03 - ...success 
10/07/09 10:17:03 - Dropping table gl_nxlist_items 
10/07/09 10:17:03 - ...success 
10/07/09 10:17:03 - Attempting to remove comments for nexlist 
10/07/09 10:17:03 - ...success 
10/07/09 10:17:03 - Attempting to remove config table records for group_name: nexlist 
10/07/09 10:17:03 - ...success 
10/07/09 10:17:03 - Attempting to unregister the nexlist plugin from Geeklog 
10/07/09 10:17:03 - ...success 
10/07/09 10:17:03 - Finished uninstalling the nexlist plugin. 
10/07/09 10:17:03 - The nexList plugin is not installed.  Please install it before continuing to install nexProject 
10/07/09 10:17:03 - The nexList plugin is not installed.  Please install it before continuing to install nexTime 
10/07/09 10:17:49 - Attempting to install the 'nexlist' plugin 
10/07/09 10:17:49 - Attempting to create 'nexList Admin' group 
10/07/09 10:17:49 - Attempting to add 'nexlist' features 
10/07/09 10:17:49 - Adding 'nexlist.edit' feature to the 'nexList Admin' group 
10/07/09 10:17:49 - Registering 'nexlist' plugin 
10/07/09 10:17:49 - Inserting default data 
10/07/09 10:17:49 - Successfully installed the 'nexlist' plugin! 
10/07/09 10:18:08 - Auto-uninstalling plugin nexlist: 
10/07/09 10:18:08 - Dropping table gl_nxlist 
10/07/09 10:18:08 - ...success 
10/07/09 10:18:08 - Dropping table gl_nxlist_fields 
10/07/09 10:18:08 - ...success 
10/07/09 10:18:08 - Dropping table gl_nxlist_items 
10/07/09 10:18:08 - ...success 
10/07/09 10:18:08 - Attempting to remove the nexlist Admin group 
10/07/09 10:18:08 - ...success 
10/07/09 10:18:08 - Attempting to remove the nexlist Admin group from all groups. 
10/07/09 10:18:08 - ...success 
10/07/09 10:18:08 - Attempting to remove nexlist.edit rights from all groups 
10/07/09 10:18:08 - ...success 
10/07/09 10:18:08 - Attempting to remove the nexlist.edit feature 
10/07/09 10:18:08 - ...success 
10/07/09 10:18:08 - Attempting to remove comments for nexlist 
10/07/09 10:18:08 - ...success 
10/07/09 10:18:08 - Attempting to remove config table records for group_name: nexlist 
10/07/09 10:18:08 - ...success 
10/07/09 10:18:08 - Attempting to unregister the nexlist plugin from Geeklog 
10/07/09 10:18:08 - ...success 
10/07/09 10:18:08 - Finished uninstalling the nexlist plugin. 
10/07/09 10:18:09 - The nexList plugin is not installed.  Please install it before continuing to install nexProject 
10/07/09 10:18:09 - The nexList plugin is not installed.  Please install it before continuing to install nexTime 
10/07/09 10:18:12 - Attempting to install the 'nexlist' plugin 
10/07/09 10:18:12 - Attempting to create 'nexList Admin' group 
10/07/09 10:18:12 - Attempting to add 'nexlist' features 
10/07/09 10:18:12 - Adding 'nexlist.edit' feature to the 'nexList Admin' group 
10/07/09 10:18:12 - Registering 'nexlist' plugin 
10/07/09 10:18:12 - Inserting default data 
10/07/09 10:18:12 - Successfully installed the 'nexlist' plugin! 
10/07/09 10:23:52 - Auto-uninstalling plugin nexlist: 
10/07/09 10:23:52 - Dropping table gl_nxlist 
10/07/09 10:23:52 - ...success 
10/07/09 10:23:52 - Dropping table gl_nxlist_fields 
10/07/09 10:23:52 - ...success 
10/07/09 10:23:52 - Dropping table gl_nxlist_items 
10/07/09 10:23:52 - ...success 
10/07/09 10:23:52 - Attempting to remove the nexlist Admin group 
10/07/09 10:23:52 - ...success 
10/07/09 10:23:52 - Attempting to remove the nexlist Admin group from all groups. 
10/07/09 10:23:52 - ...success 
10/07/09 10:23:52 - Attempting to remove nexlist.edit rights from all groups 
10/07/09 10:23:52 - ...success 
10/07/09 10:23:52 - Attempting to remove the nexlist.edit feature 
10/07/09 10:23:52 - ...success 
10/07/09 10:23:52 - Attempting to remove comments for nexlist 
10/07/09 10:23:52 - ...success 
10/07/09 10:23:52 - Attempting to remove config table records for group_name: nexlist 
10/07/09 10:23:52 - ...success 
10/07/09 10:23:52 - Attempting to unregister the nexlist plugin from Geeklog 
10/07/09 10:23:52 - ...success 
10/07/09 10:23:52 - Finished uninstalling the nexlist plugin. 
10/07/09 10:23:52 - The nexList plugin is not installed.  Please install it before continuing to install nexProject 
10/07/09 10:23:52 - The nexList plugin is not installed.  Please install it before continuing to install nexTime 
10/07/09 10:23:57 - Attempting to install the 'nexlist' plugin 
10/07/09 10:23:57 - Attempting to create 'nexList Admin' group 
10/07/09 10:23:57 - Attempting to add 'nexlist' features 
10/07/09 10:23:57 - Adding 'nexlist.edit' feature to the 'nexList Admin' group 
10/07/09 10:23:57 - Registering 'nexlist' plugin 
10/07/09 10:23:57 - Inserting default data 
10/07/09 10:23:57 - Successfully installed the 'nexlist' plugin! 
10/07/09 10:25:52 - Auto-uninstalling plugin nexlist: 
10/07/09 10:25:52 - Dropping table gl_nxlist 
10/07/09 10:25:52 - ...success 
10/07/09 10:25:52 - Dropping table gl_nxlist_fields 
10/07/09 10:25:52 - ...success 
10/07/09 10:25:52 - Dropping table gl_nxlist_items 
10/07/09 10:25:52 - ...success 
10/07/09 10:25:52 - Attempting to remove the nexlist Admin group 
10/07/09 10:25:52 - ...success 
10/07/09 10:25:52 - Attempting to remove the nexlist Admin group from all groups. 
10/07/09 10:25:52 - ...success 
10/07/09 10:25:52 - Attempting to remove nexlist.edit rights from all groups 
10/07/09 10:25:52 - ...success 
10/07/09 10:25:52 - Attempting to remove the nexlist.edit feature 
10/07/09 10:25:52 - ...success 
10/07/09 10:25:52 - Attempting to remove comments for nexlist 
10/07/09 10:25:52 - ...success 
10/07/09 10:25:52 - Attempting to remove config table records for group_name: nexlist 
10/07/09 10:25:52 - ...success 
10/07/09 10:25:52 - Attempting to unregister the nexlist plugin from Geeklog 
10/07/09 10:25:52 - ...success 
10/07/09 10:25:52 - Finished uninstalling the nexlist plugin. 
10/07/09 10:25:53 - The nexList plugin is not installed.  Please install it before continuing to install nexProject 
10/07/09 10:25:53 - The nexList plugin is not installed.  Please install it before continuing to install nexTime 
10/07/09 10:25:56 - Attempting to install the 'nexlist' plugin 
10/07/09 10:25:56 - Attempting to create 'nexList Admin' group 
10/07/09 10:25:56 - Attempting to add 'nexlist' features 
10/07/09 10:25:56 - Adding 'nexlist.edit' feature to the 'nexList Admin' group 
10/07/09 10:25:56 - Attempting to give all users in the Root group access to the 'nexlist' Admin group 
10/07/09 10:25:56 - Registering 'nexlist' plugin 
10/07/09 10:25:56 - Inserting default data 
10/07/09 10:25:56 - Successfully installed the 'nexlist' plugin! 
10/07/09 10:26:27 - Attempting to install the 'nexproject' plugin 
10/07/09 10:26:27 - Attempting to create 'nexProject Admin' group 
10/07/09 10:26:27 - Attempting to add 'nexproject' features 
10/07/09 10:26:27 - Adding 'nexproject.admin' feature to the 'nexProject Admin' group 
10/07/09 10:26:27 - Attempting to give all users in the Root group access to the 'nexproject' Admin group 
10/07/09 10:26:27 - Registering 'nexproject' plugin 
10/07/09 10:26:27 - Successfully installed the 'nexproject' plugin! 
10/07/09 10:26:48 - op:getfilelisting, user: 2, reportmode:  
10/07/09 10:26:48 - op:getleftnavigation, user: 2, reportmode:  
10/07/09 10:26:49 - op:rendernewfilefolderptions, user: 2, reportmode:  
10/07/09 10:26:54 - op:autocompletetag, user: 2, reportmode:  
10/07/09 10:26:55 - op:savefile, user: 2, reportmode:  
10/07/09 10:28:06 - op:getfilelisting, user: 2, reportmode:  
10/07/09 10:28:07 - op:getleftnavigation, user: 2, reportmode:  
10/07/09 10:28:07 - op:loadfiledetails, user: 2, reportmode:  
10/07/09 10:40:18 - Successfully deleted file: C:\Users\Administrator\Desktop\web\nexpro\system/data/nexfile/12/bdc&rdp.txt 
10/07/09 10:50:49 - Attempting to install the 'nextime' plugin 
10/07/09 10:50:49 - Attempting to create 'nexTime Admin' group 
10/07/09 10:50:49 - Attempting to create 'nexTime USER' group 
10/07/09 10:50:49 - Attempting to create 'nexTime Supervisors' group 
10/07/09 10:50:49 - Attempting to create 'nexTime Finance' group 
10/07/09 10:50:49 - Attempting to add 'nextime' features 
10/07/09 10:50:49 - Adding 'nextime.admin' feature to the 'nexTime Admin' group 
10/07/09 10:50:49 - Adding 'nextime.user' feature to the 'nexTime Finance' group 
10/07/09 10:50:49 - Attempting to give all users in the Root group access to the 'nextime' Admin group 
10/07/09 10:50:49 - Registering 'nextime' plugin 
10/07/09 10:50:49 - Successfully installed the 'nextime' plugin! 
10/07/09 10:50:53 - 1064: You have an error in your SQL syntax; check the manual that corresponds to your MySQL server version for the right syntax to use near '' at line 1. SQL in question: SELECT fullname FROM gl_users WHERE uid= 
10/07/09 10:50:53 - 1064: You have an error in your SQL syntax; check the manual that corresponds to your MySQL server version for the right syntax to use near '' at line 1. SQL in question: SELECT fullname FROM gl_users WHERE uid= 
10/07/09 10:50:53 - 1064: You have an error in your SQL syntax; check the manual that corresponds to your MySQL server version for the right syntax to use near '' at line 1. SQL in question: SELECT fullname FROM gl_users WHERE uid= 
10/07/09 10:50:53 - 1064: You have an error in your SQL syntax; check the manual that corresponds to your MySQL server version for the right syntax to use near 'or a.ug_main_grp_id=1) and a.ug_uid>2 GROUP BY a.ug_uid, b.fullname ORDER BY b.f' at line 1. SQL in question: SELECT a.ug_uid, b.fullname FROM gl_group_assignments a INNER JOIN gl_users b on a.ug_uid=b.uid WHERE (a.ug_main_grp_id= or a.ug_main_grp_id=1) and a.ug_uid>2 GROUP BY a.ug_uid, b.fullname ORDER BY b.fullname ASC 
10/07/09 10:52:24 - Auto-uninstalling plugin nextime: 
10/07/09 10:52:24 - Dropping table gl_nxtime_timesheet_entry 
10/07/09 10:52:24 - ...success 
10/07/09 10:52:24 - Dropping table gl_nxtime_extra_user_data 
10/07/09 10:52:24 - ...success 
10/07/09 10:52:24 - Dropping table gl_nxtime_locked_timesheets 
10/07/09 10:52:24 - ...success 
10/07/09 10:52:24 - Dropping table gl_nxtime_vars 
10/07/09 10:52:24 - ...success 
10/07/09 10:52:24 - Attempting to remove the NexTime Admin group 
10/07/09 10:52:24 - ...success 
10/07/09 10:52:24 - Attempting to remove the NexTime Admin group from all groups. 
10/07/09 10:52:24 - ...success 
10/07/09 10:52:24 - Attempting to remove the NexTime Finance group 
10/07/09 10:52:24 - ...success 
10/07/09 10:52:24 - Attempting to remove the NexTime Finance group from all groups. 
10/07/09 10:52:24 - ...success 
10/07/09 10:52:24 - Attempting to remove the NexTime Supervisors group 
10/07/09 10:52:24 - ...success 
10/07/09 10:52:24 - Attempting to remove the NexTime Supervisors group from all groups. 
10/07/09 10:52:24 - ...success 
10/07/09 10:52:24 - Attempting to remove the NexTime USER group 
10/07/09 10:52:24 - ...success 
10/07/09 10:52:24 - Attempting to remove the NexTime USER group from all groups. 
10/07/09 10:52:24 - ...success 
10/07/09 10:52:24 - Attempting to remove nextime.admin rights from all groups 
10/07/09 10:52:24 - ...success 
10/07/09 10:52:24 - Attempting to remove the nextime.admin feature 
10/07/09 10:52:24 - ...success 
10/07/09 10:52:24 - Attempting to remove nextime.user rights from all groups 
10/07/09 10:52:24 - ...success 
10/07/09 10:52:24 - Attempting to remove the nextime.user feature 
10/07/09 10:52:24 - ...success 
10/07/09 10:52:24 - Attempting to remove comments for nextime 
10/07/09 10:52:24 - ...success 
10/07/09 10:52:24 - Attempting to remove config table records for group_name: nextime 
10/07/09 10:52:24 - ...success 
10/07/09 10:52:24 - Attempting to unregister the nextime plugin from Geeklog 
10/07/09 10:52:24 - ...success 
10/07/09 10:52:24 - Finished uninstalling the nextime plugin. 
10/07/09 11:02:28 - Auto-uninstalling plugin nexproject: 
10/07/09 11:02:28 - Dropping table gl_nxprj_category 
10/07/09 11:02:28 - ...success 
10/07/09 11:02:28 - Dropping table gl_nxprj_department 
10/07/09 11:02:28 - ...success 
10/07/09 11:02:28 - Dropping table gl_nxprj_location 
10/07/09 11:02:28 - ...success 
10/07/09 11:02:28 - Dropping table gl_nxprj_objective 
10/07/09 11:02:28 - ...success 
10/07/09 11:02:28 - Dropping table gl_nxprj_permissions 
10/07/09 11:02:28 - ...success 
10/07/09 11:02:28 - Dropping table gl_nxprj_users 
10/07/09 11:02:28 - ...success 
10/07/09 11:02:28 - Dropping table gl_nxprj_projects 
10/07/09 11:02:28 - ...success 
10/07/09 11:02:28 - Dropping table gl_nxprj_sorting 
10/07/09 11:02:28 - ...success 
10/07/09 11:02:28 - Dropping table gl_nxprj_taskusers 
10/07/09 11:02:28 - ...success 
10/07/09 11:02:28 - Dropping table gl_nxprj_tasks 
10/07/09 11:02:28 - ...success 
10/07/09 11:02:28 - Dropping table gl_nxprj_statuslog 
10/07/09 11:02:28 - ...success 
10/07/09 11:02:28 - Dropping table gl_nxprj_sessions 
10/07/09 11:02:28 - ...success 
10/07/09 11:02:28 - Dropping table gl_nxprj_filters 
10/07/09 11:02:28 - ...success 
10/07/09 11:02:28 - Dropping table gl_nxprj_lockcontrol 
10/07/09 11:02:28 - ...success 
10/07/09 11:02:28 - Dropping table gl_nxprj_projPerms 
10/07/09 11:02:28 - ...success 
10/07/09 11:02:28 - Dropping table gl_nxprj_taskSemaphore 
10/07/09 11:02:28 - ...success 
10/07/09 11:02:28 - Attempting to remove the nexProject Admin group 
10/07/09 11:02:28 - ...success 
10/07/09 11:02:28 - Attempting to remove the nexProject Admin group from all groups. 
10/07/09 11:02:28 - ...success 
10/07/09 11:02:28 - Attempting to remove nexproject.admin rights from all groups 
10/07/09 11:02:28 - ...success 
10/07/09 11:02:28 - Attempting to remove the nexproject.admin feature 
10/07/09 11:02:28 - ...success 
10/07/09 11:02:28 - Attempting to remove comments for nexproject 
10/07/09 11:02:28 - ...success 
10/07/09 11:02:28 - Attempting to remove config table records for group_name: nexproject 
10/07/09 11:02:28 - ...success 
10/07/09 11:02:28 - Attempting to unregister the nexproject plugin from Geeklog 
10/07/09 11:02:28 - ...success 
10/07/09 11:02:28 - Finished uninstalling the nexproject plugin. 
10/07/09 14:33:40 - Attempting to install the 'nexproject' plugin 
10/07/09 14:33:40 - Attempting to create 'nexProject Admin' group 
10/07/09 14:33:40 - Attempting to add 'nexproject' features 
10/07/09 14:33:40 - Adding 'nexproject.admin' feature to the 'nexProject Admin' group 
10/07/09 14:33:40 - Attempting to give all users in the Root group access to the 'nexproject' Admin group 
10/07/09 14:33:40 - Registering 'nexproject' plugin 
10/07/09 14:33:40 - Successfully installed the 'nexproject' plugin! 
10/07/09 14:33:56 - Auto-uninstalling plugin nexproject: 
10/07/09 14:33:56 - Dropping table gl_nxprj_category 
10/07/09 14:33:56 - ...success 
10/07/09 14:33:56 - Dropping table gl_nxprj_department 
10/07/09 14:33:56 - ...success 
10/07/09 14:33:56 - Dropping table gl_nxprj_location 
10/07/09 14:33:56 - ...success 
10/07/09 14:33:56 - Dropping table gl_nxprj_objective 
10/07/09 14:33:56 - ...success 
10/07/09 14:33:56 - Dropping table gl_nxprj_permissions 
10/07/09 14:33:56 - ...success 
10/07/09 14:33:56 - Dropping table gl_nxprj_users 
10/07/09 14:33:56 - ...success 
10/07/09 14:33:56 - Dropping table gl_nxprj_projects 
10/07/09 14:33:56 - ...success 
10/07/09 14:33:56 - Dropping table gl_nxprj_sorting 
10/07/09 14:33:56 - ...success 
10/07/09 14:33:56 - Dropping table gl_nxprj_taskusers 
10/07/09 14:33:56 - ...success 
10/07/09 14:33:56 - Dropping table gl_nxprj_tasks 
10/07/09 14:33:56 - ...success 
10/07/09 14:33:56 - Dropping table gl_nxprj_statuslog 
10/07/09 14:33:56 - ...success 
10/07/09 14:33:56 - Dropping table gl_nxprj_sessions 
10/07/09 14:33:56 - ...success 
10/07/09 14:33:56 - Dropping table gl_nxprj_filters 
10/07/09 14:33:56 - ...success 
10/07/09 14:33:56 - Dropping table gl_nxprj_lockcontrol 
10/07/09 14:33:56 - ...success 
10/07/09 14:33:56 - Dropping table gl_nxprj_projPerms 
10/07/09 14:33:56 - ...success 
10/07/09 14:33:56 - Dropping table gl_nxprj_taskSemaphore 
10/07/09 14:33:56 - ...success 
10/07/09 14:33:56 - Attempting to remove the nexProject Admin group 
10/07/09 14:33:56 - ...success 
10/07/09 14:33:56 - Attempting to remove the nexProject Admin group from all groups. 
10/07/09 14:33:56 - ...success 
10/07/09 14:33:56 - Attempting to remove nexproject.admin rights from all groups 
10/07/09 14:33:56 - ...success 
10/07/09 14:33:56 - Attempting to remove the nexproject.admin feature 
10/07/09 14:33:56 - ...success 
10/07/09 14:33:56 - Attempting to remove comments for nexproject 
10/07/09 14:33:56 - ...success 
10/07/09 14:33:56 - Attempting to remove config table records for group_name: nexproject 
10/07/09 14:33:56 - ...success 
10/07/09 14:33:56 - Attempting to unregister the nexproject plugin from Geeklog 
10/07/09 14:33:56 - ...success 
10/07/09 14:33:56 - Finished uninstalling the nexproject plugin. 
10/07/09 14:34:04 - Attempting to install the 'nextime' plugin 
10/07/09 14:34:04 - Attempting to create 'nexTime Admin' group 
10/07/09 14:34:04 - Attempting to create 'nexTime USER' group 
10/07/09 14:34:04 - Attempting to create 'nexTime Supervisors' group 
10/07/09 14:34:04 - Attempting to create 'nexTime Finance' group 
10/07/09 14:34:04 - Attempting to add 'nextime' features 
10/07/09 14:34:04 - Adding 'nextime.admin' feature to the 'nexTime Admin' group 
10/07/09 14:34:04 - Adding 'nextime.user' feature to the 'nexTime Finance' group 
10/07/09 14:34:04 - Attempting to give all users in the Root group access to the 'nextime' Admin group 
10/07/09 14:34:04 - Registering 'nextime' plugin 
10/07/09 14:34:04 - Successfully installed the 'nextime' plugin! 
